0 info it worked if it ends with ok
1 verbose cli [ '/Users/Patrick/.nvm/versions/node/v6.1.0/bin/node',
1 verbose cli   '/Users/Patrick/.nvm/versions/node/v6.1.0/bin/npm',
1 verbose cli   'run',
1 verbose cli   'tsc',
1 verbose cli   '/' ]
2 info using npm@3.8.6
3 info using node@v6.1.0
4 verbose run-script [ 'pretsc', 'tsc', 'posttsc' ]
5 info lifecycle www@1.0.0~pretsc: www@1.0.0
6 silly lifecycle www@1.0.0~pretsc: no script for pretsc, continuing
7 info lifecycle www@1.0.0~tsc: www@1.0.0
8 verbose lifecycle www@1.0.0~tsc: unsafe-perm in lifecycle true
9 verbose lifecycle www@1.0.0~tsc: PATH: /Users/Patrick/.nvm/versions/node/v6.1.0/lib/node_modules/npm/bin/node-gyp-bin:/Users/Patrick/AtomProjects/cvtrickyp/node_modules/.bin:/Users/Patrick/.nvm/versions/node/v6.1.0/bin:/Users/Patrick/.nvm/versions/node/v6.1.0/bin:/Users/Patrick/.rvm/gems/ruby-2.2.3/bin:/Users/Patrick/.rvm/gems/ruby-2.2.3@global/bin:/Users/Patrick/.rvm/rubies/ruby-2.2.3/bin:/Library/Frameworks/Python.framework/Versions/3.4/bin:/usr/local/bin:/usr/bin:/bin:/usr/sbin:/sbin:/opt/X11/bin:/Users/Patrick/.rvm/bin
10 verbose lifecycle www@1.0.0~tsc: CWD: /Users/Patrick/AtomProjects/cvtrickyp
11 silly lifecycle www@1.0.0~tsc: Args: [ '-c', 'tsc "/"' ]
12 silly lifecycle www@1.0.0~tsc: Returned: code: 2  signal: null
13 info lifecycle www@1.0.0~tsc: Failed to exec tsc script
14 verbose stack Error: www@1.0.0 tsc: `tsc "/"`
14 verbose stack Exit status 2
14 verbose stack     at EventEmitter.<anonymous> (/Users/Patrick/.nvm/versions/node/v6.1.0/lib/node_modules/npm/lib/utils/lifecycle.js:239:16)
14 verbose stack     at emitTwo (events.js:106:13)
14 verbose stack     at EventEmitter.emit (events.js:191:7)
14 verbose stack     at ChildProcess.<anonymous> (/Users/Patrick/.nvm/versions/node/v6.1.0/lib/node_modules/npm/lib/utils/spawn.js:24:14)
14 verbose stack     at emitTwo (events.js:106:13)
14 verbose stack     at ChildProcess.emit (events.js:191:7)
14 verbose stack     at maybeClose (internal/child_process.js:850:16)
14 verbose stack     at Process.ChildProcess._handle.onexit (internal/child_process.js:215:5)
15 verbose pkgid www@1.0.0
16 verbose cwd /Users/Patrick/AtomProjects/cvtrickyp/public/app
17 error Darwin 15.4.0
18 error argv "/Users/Patrick/.nvm/versions/node/v6.1.0/bin/node" "/Users/Patrick/.nvm/versions/node/v6.1.0/bin/npm" "run" "tsc" "/"
19 error node v6.1.0
20 error npm  v3.8.6
21 error code ELIFECYCLE
22 error www@1.0.0 tsc: `tsc "/"`
22 error Exit status 2
23 error Failed at the www@1.0.0 tsc script 'tsc "/"'.
23 error Make sure you have the latest version of node.js and npm installed.
23 error If you do, this is most likely a problem with the www package,
23 error not with npm itself.
23 error Tell the author that this fails on your system:
23 error     tsc "/"
23 error You can get information on how to open an issue for this project with:
23 error     npm bugs www
23 error Or if that isn't available, you can get their info via:
23 error     npm owner ls www
23 error There is likely additional logging output above.
24 verbose exit [ 1, true ]
